[27-May-2025 14:09:10 Europe/Berlin] PHP Warning:  Undefined variable $users in D:\Visual Studio\xampp8.2.12\htdocs\inventory_pos\admin\view_user.php on line 74
[27-May-2025 14:09:10 Europe/Berlin] PHP Warning:  Trying to access array offset on value of type null in D:\Visual Studio\xampp8.2.12\htdocs\inventory_pos\admin\view_user.php on line 74
[27-May-2025 14:09:10 Europe/Berlin] PHP Warning:  Undefined variable $users in D:\Visual Studio\xampp8.2.12\htdocs\inventory_pos\admin\view_user.php on line 74
[27-May-2025 14:09:10 Europe/Berlin] PHP Warning:  Trying to access array offset on value of type null in D:\Visual Studio\xampp8.2.12\htdocs\inventory_pos\admin\view_user.php on line 74
[27-May-2025 14:09:10 Europe/Berlin] PHP Fatal error:  Uncaught TypeError: count(): Argument #1 ($value) must be of type Countable|array, null given in D:\Visual Studio\xampp8.2.12\htdocs\inventory_pos\admin\view_user.php:74
Stack trace:
#0 {main}
  thrown in D:\Visual Studio\xampp8.2.12\htdocs\inventory_pos\admin\view_user.php on line 74
[27-May-2025 14:09:11 Europe/Berlin] PHP Warning:  Undefined variable $users in D:\Visual Studio\xampp8.2.12\htdocs\inventory_pos\admin\view_user.php on line 74
[27-May-2025 14:09:11 Europe/Berlin] PHP Warning:  Trying to access array offset on value of type null in D:\Visual Studio\xampp8.2.12\htdocs\inventory_pos\admin\view_user.php on line 74
[27-May-2025 14:09:11 Europe/Berlin] PHP Warning:  Undefined variable $users in D:\Visual Studio\xampp8.2.12\htdocs\inventory_pos\admin\view_user.php on line 74
[27-May-2025 14:09:11 Europe/Berlin] PHP Warning:  Trying to access array offset on value of type null in D:\Visual Studio\xampp8.2.12\htdocs\inventory_pos\admin\view_user.php on line 74
[27-May-2025 14:09:11 Europe/Berlin] PHP Fatal error:  Uncaught TypeError: count(): Argument #1 ($value) must be of type Countable|array, null given in D:\Visual Studio\xampp8.2.12\htdocs\inventory_pos\admin\view_user.php:74
Stack trace:
#0 {main}
  thrown in D:\Visual Studio\xampp8.2.12\htdocs\inventory_pos\admin\view_user.php on line 74
[27-May-2025 14:09:21 Europe/Berlin] PHP Warning:  Cannot modify header information - headers already sent by (output started at D:\Visual Studio\xampp8.2.12\htdocs\inventory_pos\requires\sidebar.php:56) in D:\Visual Studio\xampp8.2.12\htdocs\inventory_pos\admin\edit_user.php on line 20
[27-May-2025 14:18:06 Europe/Berlin] PHP Warning:  Undefined variable $users in D:\Visual Studio\xampp8.2.12\htdocs\inventory_pos\admin\view_user.php on line 74
[27-May-2025 14:18:06 Europe/Berlin] PHP Warning:  Trying to access array offset on value of type null in D:\Visual Studio\xampp8.2.12\htdocs\inventory_pos\admin\view_user.php on line 74
[27-May-2025 14:18:06 Europe/Berlin] PHP Warning:  Undefined variable $users in D:\Visual Studio\xampp8.2.12\htdocs\inventory_pos\admin\view_user.php on line 74
[27-May-2025 14:18:06 Europe/Berlin] PHP Warning:  Trying to access array offset on value of type null in D:\Visual Studio\xampp8.2.12\htdocs\inventory_pos\admin\view_user.php on line 74
[27-May-2025 14:18:06 Europe/Berlin] PHP Fatal error:  Uncaught TypeError: count(): Argument #1 ($value) must be of type Countable|array, null given in D:\Visual Studio\xampp8.2.12\htdocs\inventory_pos\admin\view_user.php:74
Stack trace:
#0 {main}
  thrown in D:\Visual Studio\xampp8.2.12\htdocs\inventory_pos\admin\view_user.php on line 74
[27-May-2025 14:18:38 Europe/Berlin] PHP Warning:  Cannot modify header information - headers already sent by (output started at D:\Visual Studio\xampp8.2.12\htdocs\inventory_pos\requires\sidebar.php:7) in D:\Visual Studio\xampp8.2.12\htdocs\inventory_pos\admin\edit_user.php on line 20
[27-May-2025 14:28:04 Europe/Berlin] PHP Warning:  Constant BASE_URL already defined in D:\Visual Studio\xampp8.2.12\htdocs\inventory_pos\db_plugin.php on line 5
[27-May-2025 14:28:04 Europe/Berlin] PHP Warning:  Cannot modify header information - headers already sent by (output started at D:\Visual Studio\xampp8.2.12\htdocs\inventory_pos\requires\sidebar.php:7) in D:\Visual Studio\xampp8.2.12\htdocs\inventory_pos\admin\edit_user.php on line 20
[27-May-2025 14:28:14 Europe/Berlin] PHP Warning:  Undefined variable $users in D:\Visual Studio\xampp8.2.12\htdocs\inventory_pos\admin\view_user.php on line 74
[27-May-2025 14:28:14 Europe/Berlin] PHP Warning:  Trying to access array offset on value of type null in D:\Visual Studio\xampp8.2.12\htdocs\inventory_pos\admin\view_user.php on line 74
[27-May-2025 14:28:14 Europe/Berlin] PHP Warning:  Undefined variable $users in D:\Visual Studio\xampp8.2.12\htdocs\inventory_pos\admin\view_user.php on line 74
[27-May-2025 14:28:14 Europe/Berlin] PHP Warning:  Trying to access array offset on value of type null in D:\Visual Studio\xampp8.2.12\htdocs\inventory_pos\admin\view_user.php on line 74
[27-May-2025 14:28:14 Europe/Berlin] PHP Fatal error:  Uncaught TypeError: count(): Argument #1 ($value) must be of type Countable|array, null given in D:\Visual Studio\xampp8.2.12\htdocs\inventory_pos\admin\view_user.php:74
Stack trace:
#0 {main}
  thrown in D:\Visual Studio\xampp8.2.12\htdocs\inventory_pos\admin\view_user.php on line 74
[27-May-2025 14:31:55 Europe/Berlin] PHP Warning:  Undefined array key "error" in D:\Visual Studio\xampp8.2.12\htdocs\inventory_pos\admin\view_user.php on line 81
[27-May-2025 14:31:55 Europe/Berlin] PHP Warning:  Undefined array key "data" in D:\Visual Studio\xampp8.2.12\htdocs\inventory_pos\admin\view_user.php on line 81
[27-May-2025 14:31:55 Europe/Berlin] PHP Fatal error:  Uncaught TypeError: count(): Argument #1 ($value) must be of type Countable|array, null given in D:\Visual Studio\xampp8.2.12\htdocs\inventory_pos\admin\view_user.php:81
Stack trace:
#0 {main}
  thrown in D:\Visual Studio\xampp8.2.12\htdocs\inventory_pos\admin\view_user.php on line 81
[27-May-2025 14:32:53 Europe/Berlin] PHP Warning:  Cannot modify header information - headers already sent by (output started at D:\Visual Studio\xampp8.2.12\htdocs\inventory_pos\requires\sidebar.php:7) in D:\Visual Studio\xampp8.2.12\htdocs\inventory_pos\admin\view_user.php on line 30
[27-May-2025 14:33:42 Europe/Berlin] PHP Warning:  Cannot modify header information - headers already sent by (output started at D:\Visual Studio\xampp8.2.12\htdocs\inventory_pos\requires\sidebar.php:7) in D:\Visual Studio\xampp8.2.12\htdocs\inventory_pos\admin\view_user.php on line 23
[27-May-2025 14:33:42 Europe/Berlin] PHP Warning:  Cannot modify header information - headers already sent by (output started at D:\Visual Studio\xampp8.2.12\htdocs\inventory_pos\requires\sidebar.php:7) in D:\Visual Studio\xampp8.2.12\htdocs\inventory_pos\admin\view_user.php on line 31
[27-May-2025 14:34:42 Europe/Berlin] PHP Warning:  Constant BASE_URL already defined in D:\Visual Studio\xampp8.2.12\htdocs\inventory_pos\db_plugin.php on line 5
[27-May-2025 14:35:39 Europe/Berlin] PHP Warning:  Cannot modify header information - headers already sent by (output started at D:\Visual Studio\xampp8.2.12\htdocs\inventory_pos\requires\sidebar.php:7) in D:\Visual Studio\xampp8.2.12\htdocs\inventory_pos\admin\edit_user.php on line 16
[27-May-2025 14:36:32 Europe/Berlin] PHP Warning:  Cannot modify header information - headers already sent by (output started at D:\Visual Studio\xampp8.2.12\htdocs\inventory_pos\requires\sidebar.php:7) in D:\Visual Studio\xampp8.2.12\htdocs\inventory_pos\admin\edit_user.php on line 24
[27-May-2025 14:36:33 Europe/Berlin] PHP Warning:  Cannot modify header information - headers already sent by (output started at D:\Visual Studio\xampp8.2.12\htdocs\inventory_pos\requires\sidebar.php:7) in D:\Visual Studio\xampp8.2.12\htdocs\inventory_pos\admin\edit_user.php on line 24
[27-May-2025 14:36:33 Europe/Berlin] PHP Warning:  Cannot modify header information - headers already sent by (output started at D:\Visual Studio\xampp8.2.12\htdocs\inventory_pos\requires\sidebar.php:7) in D:\Visual Studio\xampp8.2.12\htdocs\inventory_pos\admin\edit_user.php on line 24
[27-May-2025 14:36:34 Europe/Berlin] PHP Warning:  Cannot modify header information - headers already sent by (output started at D:\Visual Studio\xampp8.2.12\htdocs\inventory_pos\requires\sidebar.php:7) in D:\Visual Studio\xampp8.2.12\htdocs\inventory_pos\admin\edit_user.php on line 24
[27-May-2025 14:36:48 Europe/Berlin] PHP Warning:  Cannot modify header information - headers already sent by (output started at D:\Visual Studio\xampp8.2.12\htdocs\inventory_pos\requires\sidebar.php:7) in D:\Visual Studio\xampp8.2.12\htdocs\inventory_pos\admin\edit_user.php on line 24
[27-May-2025 14:42:50 Europe/Berlin] PHP Warning:  Cannot modify header information - headers already sent by (output started at D:\Visual Studio\xampp8.2.12\htdocs\inventory_pos\requires\sidebar.php:7) in D:\Visual Studio\xampp8.2.12\htdocs\inventory_pos\admin\edit_user.php on line 16
[27-May-2025 17:38:53 Europe/Berlin] PHP Fatal error:  Uncaught mysqli_sql_exception: Table 'inventory_system.users' doesn't exist in D:\Visual Studio\xampp8.2.12\htdocs\inventory_pos\includes\crud_class.php:35
Stack trace:
#0 D:\Visual Studio\xampp8.2.12\htdocs\inventory_pos\includes\crud_class.php(35): mysqli->query('select id from ...')
#1 D:\Visual Studio\xampp8.2.12\htdocs\inventory_pos\admin\register.php(27): crud->common_select('users', 'id', Array)
#2 {main}
  thrown in D:\Visual Studio\xampp8.2.12\htdocs\inventory_pos\includes\crud_class.php on line 35
[27-May-2025 17:39:18 Europe/Berlin] PHP Fatal error:  Uncaught mysqli_sql_exception: Table 'inventory_system.users' doesn't exist in D:\Visual Studio\xampp8.2.12\htdocs\inventory_pos\includes\crud_class.php:35
Stack trace:
#0 D:\Visual Studio\xampp8.2.12\htdocs\inventory_pos\includes\crud_class.php(35): mysqli->query('select id from ...')
#1 D:\Visual Studio\xampp8.2.12\htdocs\inventory_pos\admin\register.php(30): crud->common_select('users', 'id', Array)
#2 {main}
  thrown in D:\Visual Studio\xampp8.2.12\htdocs\inventory_pos\includes\crud_class.php on line 35
[27-May-2025 17:39:49 Europe/Berlin] PHP Fatal error:  Uncaught mysqli_sql_exception: Table 'inventory_system.users' doesn't exist in D:\Visual Studio\xampp8.2.12\htdocs\inventory_pos\includes\crud_class.php:35
Stack trace:
#0 D:\Visual Studio\xampp8.2.12\htdocs\inventory_pos\includes\crud_class.php(35): mysqli->query('select id,usern...')
#1 D:\Visual Studio\xampp8.2.12\htdocs\inventory_pos\login.php(37): crud->common_select('users', 'id,username,ful...', Array)
#2 {main}
  thrown in D:\Visual Studio\xampp8.2.12\htdocs\inventory_pos\includes\crud_class.php on line 35
[27-May-2025 17:42:01 Europe/Berlin] PHP Fatal error:  Uncaught mysqli_sql_exception: Table 'inventory_system.users' doesn't exist in D:\Visual Studio\xampp8.2.12\htdocs\inventory_pos\includes\crud_class.php:35
Stack trace:
#0 D:\Visual Studio\xampp8.2.12\htdocs\inventory_pos\includes\crud_class.php(35): mysqli->query('select id,usern...')
#1 D:\Visual Studio\xampp8.2.12\htdocs\inventory_pos\login.php(37): crud->common_select('users', 'id,username,ful...', Array)
#2 {main}
  thrown in D:\Visual Studio\xampp8.2.12\htdocs\inventory_pos\includes\crud_class.php on line 35
[27-May-2025 22:14:01 Asia/Dhaka] PHP Fatal error:  Uncaught mysqli_sql_exception: Table 'inventory_system.users' doesn't exist in D:\Visual Studio\xampp8.2.12\htdocs\inventory_pos\includes\crud_class.php:80
Stack trace:
#0 D:\Visual Studio\xampp8.2.12\htdocs\inventory_pos\includes\crud_class.php(80): mysqli->prepare('SELECT id, user...')
#1 D:\Visual Studio\xampp8.2.12\htdocs\inventory_pos\login.php(20): CRUD->common_select('users', 'id, username, f...', Array)
#2 {main}
  thrown in D:\Visual Studio\xampp8.2.12\htdocs\inventory_pos\includes\crud_class.php on line 80
[27-May-2025 22:14:34 Asia/Dhaka] PHP Fatal error:  Uncaught mysqli_sql_exception: Table 'inventory_system.users' doesn't exist in D:\Visual Studio\xampp8.2.12\htdocs\inventory_pos\includes\crud_class.php:80
Stack trace:
#0 D:\Visual Studio\xampp8.2.12\htdocs\inventory_pos\includes\crud_class.php(80): mysqli->prepare('SELECT id, user...')
#1 D:\Visual Studio\xampp8.2.12\htdocs\inventory_pos\login.php(20): CRUD->common_select('users', 'id, username, f...', Array)
#2 {main}
  thrown in D:\Visual Studio\xampp8.2.12\htdocs\inventory_pos\includes\crud_class.php on line 80
[27-May-2025 22:43:04 Asia/Dhaka] PHP Fatal error:  Uncaught mysqli_sql_exception: Table 'inventory_system.users' doesn't exist in D:\Visual Studio\xampp8.2.12\htdocs\inventory_pos\includes\crud_class.php:80
Stack trace:
#0 D:\Visual Studio\xampp8.2.12\htdocs\inventory_pos\includes\crud_class.php(80): mysqli->prepare('SELECT id FROM ...')
#1 D:\Visual Studio\xampp8.2.12\htdocs\inventory_pos\admin\register.php(28): CRUD->common_select('users', 'id', Array)
#2 {main}
  thrown in D:\Visual Studio\xampp8.2.12\htdocs\inventory_pos\includes\crud_class.php on line 80
[27-May-2025 22:46:36 Asia/Dhaka] PHP Fatal error:  Uncaught mysqli_sql_exception: Table 'inventory_system.users' doesn't exist in D:\Visual Studio\xampp8.2.12\htdocs\inventory_pos\includes\crud_class.php:80
Stack trace:
#0 D:\Visual Studio\xampp8.2.12\htdocs\inventory_pos\includes\crud_class.php(80): mysqli->prepare('SELECT id, user...')
#1 D:\Visual Studio\xampp8.2.12\htdocs\inventory_pos\login.php(20): CRUD->common_select('users', 'id, username, f...', Array)
#2 {main}
  thrown in D:\Visual Studio\xampp8.2.12\htdocs\inventory_pos\includes\crud_class.php on line 80
[27-May-2025 23:05:06 Asia/Dhaka] PHP Warning:  Undefined array key "user" in D:\Visual Studio\xampp8.2.12\htdocs\inventory_pos\admin\register.php on line 95
[27-May-2025 23:05:06 Asia/Dhaka] PHP Warning:  Attempt to read property "id" on null in D:\Visual Studio\xampp8.2.12\htdocs\inventory_pos\admin\register.php on line 95
[27-May-2025 23:09:11 Asia/Dhaka] PHP Warning:  Cannot modify header information - headers already sent by (output started at D:\Visual Studio\xampp8.2.12\htdocs\inventory_pos\requires\sidebar.php:7) in D:\Visual Studio\xampp8.2.12\htdocs\inventory_pos\admin\edit_user.php on line 16
[27-May-2025 23:09:59 Asia/Dhaka] PHP Warning:  Cannot modify header information - headers already sent by (output started at D:\Visual Studio\xampp8.2.12\htdocs\inventory_pos\requires\sidebar.php:7) in D:\Visual Studio\xampp8.2.12\htdocs\inventory_pos\admin\view_user.php on line 30
[27-May-2025 23:38:28 Asia/Dhaka] PHP Warning:  Cannot modify header information - headers already sent by (output started at D:\Visual Studio\xampp8.2.12\htdocs\inventory_pos\requires\sidebar.php:7) in D:\Visual Studio\xampp8.2.12\htdocs\inventory_pos\admin\edit_user.php on line 18
[27-May-2025 23:39:43 Asia/Dhaka] PHP Warning:  Cannot modify header information - headers already sent by (output started at D:\Visual Studio\xampp8.2.12\htdocs\inventory_pos\requires\sidebar.php:7) in D:\Visual Studio\xampp8.2.12\htdocs\inventory_pos\admin\edit_user.php on line 18
[27-May-2025 23:42:50 Asia/Dhaka] PHP Warning:  Cannot modify header information - headers already sent by (output started at D:\Visual Studio\xampp8.2.12\htdocs\inventory_pos\requires\sidebar.php:7) in D:\Visual Studio\xampp8.2.12\htdocs\inventory_pos\admin\edit_user.php on line 18
